<?xml version="1.0" encoding="UTF-8"?>
<!-- Generated by org.testng.reporters.JUnitReportReporter -->
<testsuite hostname="DESKTOP-1EIV60U" failures="0" tests="1" name="TestCase.TestCollectionPage" time="36.163" errors="0" timestamp="2023-01-17T16:47:03 IST" skipped="0">
  <testcase classname="TestCase.TestCollectionPage" name="abc" time="36.163"/>
  <system-out/>
</testsuite> <!-- TestCase.TestCollectionPage -->
