<?xml version="1.0" encoding="UTF-8"?>
<!-- Generated by org.testng.reporters.JUnitReportReporter -->
<testsuite hostname="DESKTOP-1EIV60U" failures="0" tests="1" name="TestCase.TestCollectionPage" time="38.558" errors="0" timestamp="2023-01-18T15:49:02 IST" skipped="0">
  <testcase classname="TestCase.TestCollectionPage" name="abc" time="38.558"/>
  <system-out/>
</testsuite> <!-- TestCase.TestCollectionPage -->
